17:54:43: Creating resource group General
17:54:43: Creating resource group Internal
17:54:43: Creating resource group Autodetect
17:54:43: Registering ResourceManager for type Mesh
17:54:43: Registering ResourceManager for type Material
17:54:43: Registering ResourceManager for type Skeleton
17:54:43: XMLMeshSerializer reading mesh data from /home/csmajs/arellanj/cs179/blender/blendermodels/Commander/Cube.mesh.xml...
17:54:43: Reading submeshes...
17:54:43: Reading geometry...
17:54:43: Geometry done...
17:54:43: Reading bone assignments...
17:54:43: Bone assignments done.
17:54:43: Submeshes done.
17:54:43: Skeleton: Loading Cube.skeleton
17:54:43: OGRE EXCEPTION(6:FileNotFoundException): Cannot locate resource Cube.skeleton in resource group General or any other group. in ResourceGroupManager::openResource at OgreResourceGroupManager.cpp (line 763)
17:54:43: Unable to load skeleton Cube.skeleton for Mesh conversion. This Mesh will not be animated. You can ignore this message if you are using an offline tool.
17:54:43: XMLMeshSerializer import successful.
17:54:43: Reorganising vertex buffers to automatic layout..
17:54:43: MeshSerializer writing mesh data to /home/csmajs/arellanj/cs179/blender/blendermodels/Commander/Cube.mesh...
17:54:43: File header written.
17:54:43: Writing mesh data...
17:54:43: Writing submesh...
17:54:43: Exporting submesh texture aliases...
17:54:43: Submesh texture aliases exported.
17:54:43: Exporting dedicated geometry bone assignments...
17:54:43: Dedicated geometry bone assignments exported.
17:54:43: Submesh exported.
17:54:43: Exporting skeleton link...
17:54:43: Skeleton link exported.
17:54:43: Exporting bounds information....
17:54:43: Bounds information exported.
17:54:43: Exporting submesh name table...
17:54:43: Submesh name table exported.
17:54:43: Exporting edge lists...
17:54:43: Edge lists exported
17:54:43: Mesh data exported.
17:54:43: MeshSerializer export successful.
17:54:43: Unregistering ResourceManager for type Skeleton
17:54:43: Unregistering ResourceManager for type Material
17:54:43: Unregistering ResourceManager for type Mesh
